Converting Kilometer to mile, input : 1.0
Converted Kilometer to mile, input : 1.0 execution time 80 ms
Converting Kilometer to mile, input : 100.0
Converted Kilometer to mile, input : 100.0 execution time 2 ms
Converting Kilometer to mile, input : 100.0
Converted Kilometer to mile, input : 100.0 execution time 1 ms
Converting kelvin to celcius, input : 1.0
Converted kelvin to celcius, input : 1.0 execution time 109 ms
Converting Celcius to Kelvin, input : 1.0
Converted Celcius to Kelvin, input : 1.0 execution time 0 ms
Converting Mile to kilometer, input : 1.0
Converted Mile to kilometer, input : 1.0 execution time 0 ms
Converting Kilometer to mile, input : 1.0
Converted Kilometer to mile, input : 1.0 execution time 0 ms
Converting Kilometer to mile, input : 1.0
Converted Kilometer to mile, input : 1.0 execution time 231 ms
Converting Kilometer to mile, input : 1.0
Converted Kilometer to mile, input : 1.0 execution time 1 ms
Converting Kilometer to mile, input : 100.0
Converted Kilometer to mile, input : 100.0 execution time 0 ms
Converting Kilometer to mile, input : 1000.0
Converted Kilometer to mile, input : 1000.0 execution time 0 ms
